[SUCCESS] http://google.com @ 2013-07-22 18:26:40.585947+00:00: got 200 response in 0.357029914856ms and requirement SUCCESS
[FAILED] http:/gazeta.pl @ 2013-07-22 18:26:40.629463+00:00: got 0 response in 9.89437103271e-05ms and requirement SUCCESS
[SUCCESS] http://microsoft.com @ 2013-07-22 18:26:42.997515+00:00: got 200 response in 2.32547211647ms and requirement SUCCESS
[SUCCESS] http://youtube.com @ 2013-07-22 18:26:43.793934+00:00: got 200 response in 0.743886947632ms and requirement SUCCESS
[SUCCESS] http://yahoo.com @ 2013-07-22 18:26:45.815585+00:00: got 200 response in 1.96936607361ms and requirement SUCCESS
[SUCCESS] http://live.com @ 2013-07-22 18:26:47.817769+00:00: got 200 response in 1.95135784149ms and requirement SUCCESS
[SUCCESS] http://msn.com @ 2013-07-22 18:26:49.093004+00:00: got 200 response in 1.22828102112ms and requirement SUCCESS
[SUCCESS] http://google.com @ 2013-07-22 18:29:46.794833+00:00: got 200 response in 0.358870029449ms and requirement SUCCESS
[FAILED] http:/gazeta.pl @ 2013-07-22 18:29:46.842343+00:00: got 0 response in 0.000125169754028ms and requirement SUCCESS
[SUCCESS] http://microsoft.com @ 2013-07-22 18:29:49.235710+00:00: got 200 response in 2.33428812027ms and requirement SUCCESS
[SUCCESS] http://youtube.com @ 2013-07-22 18:29:50.097583+00:00: got 200 response in 0.810618877411ms and requirement SUCCESS
[SUCCESS] http://yahoo.com @ 2013-07-22 18:29:51.643261+00:00: got 200 response in 1.49449801445ms and requirement SUCCESS
[SUCCESS] http://live.com @ 2013-07-22 18:29:53.607982+00:00: got 200 response in 1.91315889359ms and requirement SUCCESS
[SUCCESS] http://msn.com @ 2013-07-22 18:29:55.086773+00:00: got 200 response in 1.43039608002ms and requirement SUCCESS
[SUCCESS] http://google.com @ 2013-07-22 18:37:45.346300+00:00: got 200 response in 0.430261135101ms and requirement SUCCESS
[FAILED] http:/gazeta.pl @ 2013-07-22 18:37:45.395076+00:00: got 0 response in 0.000103950500488ms and requirement SUCCESS
[SUCCESS] http://microsoft.com @ 2013-07-22 18:37:47.793779+00:00: got 200 response in 2.35330486298ms and requirement SUCCESS
[SUCCESS] http://youtube.com @ 2013-07-22 18:37:48.705787+00:00: got 200 response in 0.859516859055ms and requirement SUCCESS
[FAILED] http://yahoo.com @ 2013-07-22 18:37:50.397728+00:00: got 200 response in 1.64185500145ms and requirement FAILED
[FAILED] http://live.com @ 2013-07-22 18:37:52.685535+00:00: got 200 response in 2.24259805679ms and requirement FAILED
[FAILED] http://msn.com @ 2013-07-22 18:37:54.296192+00:00: got 200 response in 1.55136489868ms and requirement FAILED
[SUCCESS] http://google.com @ 2013-07-22 18:38:43.155890+00:00: got 200 response in 0.314653158188ms and requirement SUCCESS
[FAILED] http:/gazeta.pl @ 2013-07-22 18:38:43.213777+00:00: got 0 response in 0.000105857849121ms and requirement SUCCESS
[SUCCESS] http://microsoft.com @ 2013-07-22 18:38:45.625889+00:00: got 200 response in 2.33361506462ms and requirement SUCCESS
[SUCCESS] http://youtube.com @ 2013-07-22 18:38:46.401619+00:00: got 200 response in 0.72292304039ms and requirement SUCCESS
[FAILED] http://yahoo.com @ 2013-07-22 18:38:47.968741+00:00: got 200 response in 1.5173740387ms and requirement FAILED
[FAILED] http://live.com @ 2013-07-22 18:38:50.149390+00:00: got 200 response in 2.1292090416ms and requirement FAILED
[FAILED] http://msn.com @ 2013-07-22 18:38:51.513618+00:00: got 200 response in 1.31335306168ms and requirement FAILED
[SUCCESS] http://google.com @ 2013-07-22 18:40:24.566642+00:00: got 200 response in 0.375428915024ms and requirement SUCCESS
[SUCCESS] http://google.com @ 2013-07-22 18:40:54.979030+00:00: got 200 response in 0.360522031784ms and requirement SUCCESS
[FAILED] http:/gazeta.pl @ 2013-07-22 18:40:55.116494+00:00: got 0 response in 0.000169992446899ms and requirement FAILED
[SUCCESS] http://microsoft.com @ 2013-07-22 18:40:57.432474+00:00: got 200 response in 2.23070311546ms and requirement SUCCESS
[SUCCESS] http://youtube.com @ 2013-07-22 18:40:58.342546+00:00: got 200 response in 0.766290903091ms and requirement SUCCESS
[FAILED] http://yahoo.com @ 2013-07-22 18:41:00.144727+00:00: got 200 response in 1.71389198303ms and requirement FAILED
[FAILED] http://live.com @ 2013-07-22 18:41:02.236469+00:00: got 200 response in 2.00373411179ms and requirement FAILED
[FAILED] http://msn.com @ 2013-07-22 18:41:03.618546+00:00: got 200 response in 1.24588990211ms and requirement FAILED
[FAILED] http://google.com @ 2013-07-22 18:49:17.012118+00:00: got 200 response in 0.415549039841ms and requirement FAILED
[FAILED] http:/gazeta.pl @ 2013-07-22 18:49:17.059858+00:00: got 0 response in 9.98973846436e-05ms and requirement FAILED
[FAILED] http://microsoft.com @ 2013-07-22 18:49:19.464935+00:00: got 200 response in 2.35861086845ms and requirement FAILED
[FAILED] http://youtube.com @ 2013-07-22 18:49:20.392305+00:00: got 200 response in 0.878509044647ms and requirement FAILED
[FAILED] http://yahoo.com @ 2013-07-22 18:49:22.084877+00:00: got 200 response in 1.64701080322ms and requirement FAILED
[FAILED] http://live.com @ 2013-07-22 18:49:24.319108+00:00: got 200 response in 2.16799497604ms and requirement FAILED
[FAILED] http://msn.com @ 2013-07-22 18:49:25.668847+00:00: got 200 response in 1.30241203308ms and requirement FAILED
[SUCCESS] http://google.com @ 2013-07-22 18:51:27.342956+00:00: got 200 response in 0.360445022583ms and requirement SUCCESS
[FAILED] http:/gazeta.pl @ 2013-07-22 18:51:27.450176+00:00: got 0 response in 0.000180959701538ms and requirement FAILED
[SUCCESS] http://microsoft.com @ 2013-07-22 18:51:29.998007+00:00: got 200 response in 2.36105489731ms and requirement SUCCESS
[SUCCESS] http://youtube.com @ 2013-07-22 18:51:30.938988+00:00: got 200 response in 0.735389947891ms and requirement SUCCESS
[FAILED] http://yahoo.com @ 2013-07-22 18:51:32.693755+00:00: got 200 response in 1.54417610168ms and requirement FAILED
[FAILED] http://live.com @ 2013-07-22 18:51:34.902870+00:00: got 200 response in 2.10565900803ms and requirement FAILED
[FAILED] http://msn.com @ 2013-07-22 18:51:36.471016+00:00: got 200 response in 1.41563391685ms and requirement FAILED
[SUCCESS] http://google.com @ 2013-07-22 19:00:59.498918+00:00: got 200 response in 0.387929201126ms and requirement SUCCESS
[FAILED] http:/gazeta.pl @ 2013-07-22 19:00:59.548242+00:00: got 0 response in 0.000102043151855ms and requirement FAILED
[SUCCESS] http://microsoft.com @ 2013-07-22 19:01:02.062791+00:00: got 200 response in 2.46556901932ms and requirement SUCCESS
[SUCCESS] http://youtube.com @ 2013-07-22 19:01:02.997482+00:00: got 200 response in 0.881413936615ms and requirement SUCCESS
[FAILED] http://yahoo.com @ 2013-07-22 19:01:04.847265+00:00: got 200 response in 1.7766020298ms and requirement FAILED
[SUCCESS] http://live.com @ 2013-07-22 19:01:06.965750+00:00: got 200 response in 2.06510305405ms and requirement SUCCESS
[FAILED] http://msn.com @ 2013-07-22 19:01:08.179075+00:00: got 200 response in 1.16950702667ms and requirement FAILED
[SUCCESS] http://google.com @ 2013-07-22 19:23:44.889797+00:00: got 200 response in 0.409160137177ms and requirement SUCCESS
[FAILED] http:/gazeta.pl @ 2013-07-22 19:23:44.940589+00:00: got 0 response in 0.000101804733276ms and requirement FAILED
[SUCCESS] http://microsoft.com @ 2013-07-22 19:23:47.446509+00:00: got 200 response in 2.43411898613ms and requirement SUCCESS
[SUCCESS] http://youtube.com @ 2013-07-22 19:23:48.510266+00:00: got 200 response in 0.986694097519ms and requirement SUCCESS
[FAILED] http://yahoo.com @ 2013-07-22 19:23:50.257954+00:00: got 200 response in 1.67286896706ms and requirement FAILED
[SUCCESS] http://live.com @ 2013-07-22 19:23:52.577776+00:00: got 200 response in 2.20936512947ms and requirement SUCCESS
[FAILED] http://msn.com @ 2013-07-22 19:23:54.171253+00:00: got 200 response in 1.53267002106ms and requirement FAILED
